<?xml version="1.0" encoding="UTF-8"?>
<!-- Generated by org.testng.reporters.JUnitReportReporter -->
<testsuite hostname="HP" failures="0" tests="2" name="Array_Programs.Sort" time="0.028" errors="0" timestamp="2021-11-17T19:49:23 IST" skipped="0">
  <testcase classname="Array_Programs.Sort" name="sortAscendig" time="0.025"/>
  <system-out/>
  <testcase classname="Array_Programs.Sort" name="sortDescendig" time="0.003"/>
  <system-out/>
</testsuite> <!-- Array_Programs.Sort -->
